This is pdfTeX, Version 3.14159265-2.6-1.40.19 (MiKTeX 2.9.6930 64-bit) (preloaded format=pdflatex 2019.2.4)  29 MAR 2019 14:08
entering extended mode
**./SHAHMA.tex
(SHAHMA.tex
LaTeX2e <2018-12-01>
("C:\SHAHMA RAHMAN\DOWNLOADS\tex/latex/base\book.cls"
Document Class: book 2018/09/03 v1.4i Standard LaTeX document class
("C:\SHAHMA RAHMAN\DOWNLOADS\tex/latex/base\bk12.clo"
File: bk12.clo 2018/09/03 v1.4i Standard LaTeX file (size option)
)
\c@part=\count80
\c@chapter=\count81
\c@section=\count82
\c@subsection=\count83
\c@subsubsection=\count84
\c@paragraph=\count85
\c@subparagraph=\count86
\c@figure=\count87
\c@table=\count88
\abovecaptionskip=\skip41
\belowcaptionskip=\skip42
\bibindent=\dimen102
)
("C:\SHAHMA RAHMAN\DOWNLOADS\tex/latex/caption\caption.sty"
Package: caption 2018/10/06 v3.3-154 Customizing captions (AR)

("C:\SHAHMA RAHMAN\DOWNLOADS\tex/latex/caption\caption3.sty"
Package: caption3 2018/09/12 v1.8c caption3 kernel (AR)
Package caption3 Info: TeX engine: e-TeX on input line 64.

("C:\SHAHMA RAHMAN\DOWNLOADS\tex/latex/graphics\keyval.sty"
Package: keyval 2014/10/28 v1.15 key=value parser (DPC)
\KV@toks@=\toks14
)
\captionmargin=\dimen103
\captionmargin@=\dimen104
\captionwidth=\dimen105
\caption@tempdima=\dimen106
\caption@indent=\dimen107
\caption@parindent=\dimen108
\caption@hangindent=\dimen109
)
\c@caption@flags=\count89
\c@ContinuedFloat=\count90
)
("C:\SHAHMA RAHMAN\DOWNLOADS\tex/latex/caption\subcaption.sty"
Package: subcaption 2018/05/01 v1.1-162 Sub-captions (AR)
\c@subfigure=\count91
\c@subtable=\count92
)
("C:\SHAHMA RAHMAN\DOWNLOADS\tex/latex/amsfonts\amsfonts.sty"
Package: amsfonts 2013/01/14 v3.01 Basic AMSFonts support
\@emptytoks=\toks15
\symAMSa=\mathgroup4
\symAMSb=\mathgroup5
LaTeX Font Info:    Overwriting math alphabet `\mathfrak' in version `bold'
(Font)                  U/euf/m/n --> U/euf/b/n on input line 106.
)
("C:\SHAHMA RAHMAN\DOWNLOADS\tex/latex/amsmath\amsmath.sty"
Package: amsmath 2018/12/01 v2.17b AMS math features
\@mathmargin=\skip43

For additional information on amsmath, use the `?' option.
("C:\SHAHMA RAHMAN\DOWNLOADS\tex/latex/amsmath\amstext.sty"
Package: amstext 2000/06/29 v2.01 AMS text

("C:\SHAHMA RAHMAN\DOWNLOADS\tex/latex/amsmath\amsgen.sty"
File: amsgen.sty 1999/11/30 v2.0 generic functions
\@emptytoks=\toks16
\ex@=\dimen110
))
("C:\SHAHMA RAHMAN\DOWNLOADS\tex/latex/amsmath\amsbsy.sty"
Package: amsbsy 1999/11/29 v1.2d Bold Symbols
\pmbraise@=\dimen111
)
("C:\SHAHMA RAHMAN\DOWNLOADS\tex/latex/amsmath\amsopn.sty"
Package: amsopn 2016/03/08 v2.02 operator names
)
\inf@bad=\count93
LaTeX Info: Redefining \frac on input line 223.
\uproot@=\count94
\leftroot@=\count95
LaTeX Info: Redefining \overline on input line 385.
\classnum@=\count96
\DOTSCASE@=\count97
LaTeX Info: Redefining \ldots on input line 482.
LaTeX Info: Redefining \dots on input line 485.
LaTeX Info: Redefining \cdots on input line 606.
\Mathstrutbox@=\box27
\strutbox@=\box28
\big@size=\dimen112
LaTeX Font Info:    Redeclaring font encoding OML on input line 729.
LaTeX Font Info:    Redeclaring font encoding OMS on input line 730.
\macc@depth=\count98
\c@MaxMatrixCols=\count99
\dotsspace@=\muskip10
\c@parentequation=\count100
\dspbrk@lvl=\count101
\tag@help=\toks17
\row@=\count102
\column@=\count103
\maxfields@=\count104
\andhelp@=\toks18
\eqnshift@=\dimen113
\alignsep@=\dimen114
\tagshift@=\dimen115
\tagwidth@=\dimen116
\totwidth@=\dimen117
\lineht@=\dimen118
\@envbody=\toks19
\multlinegap=\skip44
\multlinetaggap=\skip45
\mathdisplay@stack=\toks20
LaTeX Info: Redefining \[ on input line 2844.
LaTeX Info: Redefining \] on input line 2845.
)
("C:\SHAHMA RAHMAN\DOWNLOADS\tex/latex/amsfonts\amssymb.sty"
Package: amssymb 2013/01/14 v3.01 AMS font symbols
)
("C:\SHAHMA RAHMAN\DOWNLOADS\tex/latex/amscls\amsthm.sty"
Package: amsthm 2017/10/31 v2.20.4
\thm@style=\toks21
\thm@bodyfont=\toks22
\thm@headfont=\toks23
\thm@notefont=\toks24
\thm@headpunct=\toks25
\thm@preskip=\skip46
\thm@postskip=\skip47
\thm@headsep=\skip48
\dth@everypar=\toks26
)
("C:\SHAHMA RAHMAN\DOWNLOADS\tex/latex/graphics\graphicx.sty"
Package: graphicx 2017/06/01 v1.1a Enhanced LaTeX Graphics (DPC,SPQR)

("C:\SHAHMA RAHMAN\DOWNLOADS\tex/latex/graphics\graphics.sty"
Package: graphics 2017/06/25 v1.2c Standard LaTeX Graphics (DPC,SPQR)

("C:\SHAHMA RAHMAN\DOWNLOADS\tex/latex/graphics\trig.sty"
Package: trig 2016/01/03 v1.10 sin cos tan (DPC)
)
("C:\SHAHMA RAHMAN\DOWNLOADS\tex/latex/graphics-cfg\graphics.cfg"
File: graphics.cfg 2016/06/04 v1.11 sample graphics configuration
)
Package graphics Info: Driver file: pdftex.def on input line 99.

("C:\SHAHMA RAHMAN\DOWNLOADS\tex/latex/graphics-def\pdftex.def"
File: pdftex.def 2018/01/08 v1.0l Graphics/color driver for pdftex
))
\Gin@req@height=\dimen119
\Gin@req@width=\dimen120
)
("C:\SHAHMA RAHMAN\DOWNLOADS\tex/latex/ncctools\nccmath.sty"
Package: nccmath 2006/01/20 v1.3 Additional Math Commands (NCC)
\NCC@fracrulewidth=\dimen121
)
("C:\SHAHMA RAHMAN\DOWNLOADS\tex/latex/geometry\geometry.sty"
Package: geometry 2018/04/16 v5.8 Page Geometry

("C:\SHAHMA RAHMAN\DOWNLOADS\tex/generic/oberdiek\ifpdf.sty"
Package: ifpdf 2018/09/07 v3.3 Provides the ifpdf switch
)
("C:\SHAHMA RAHMAN\DOWNLOADS\tex/generic/oberdiek\ifvtex.sty"
Package: ifvtex 2016/05/16 v1.6 Detect VTeX and its facilities (HO)
Package ifvtex Info: VTeX not detected.
)
("C:\SHAHMA RAHMAN\DOWNLOADS\tex/generic/ifxetex\ifxetex.sty"
Package: ifxetex 2010/09/12 v0.6 Provides ifxetex conditional
)
\Gm@cnth=\count105
\Gm@cntv=\count106
\c@Gm@tempcnt=\count107
\Gm@bindingoffset=\dimen122
\Gm@wd@mp=\dimen123
\Gm@odd@mp=\dimen124
\Gm@even@mp=\dimen125
\Gm@layoutwidth=\dimen126
\Gm@layoutheight=\dimen127
\Gm@layouthoffset=\dimen128
\Gm@layoutvoffset=\dimen129
\Gm@dimlist=\toks27

("C:\SHAHMA RAHMAN\DOWNLOADS\tex/latex/geometry\geometry.cfg"))
("C:\SHAHMA RAHMAN\DOWNLOADS\tex/latex/base\fontenc.sty"
Package: fontenc 2018/08/11 v2.0j Standard LaTeX package

("C:\SHAHMA RAHMAN\DOWNLOADS\tex/latex/base\t1enc.def"
File: t1enc.def 2018/08/11 v2.0j Standard LaTeX file
LaTeX Font Info:    Redeclaring font encoding T1 on input line 48.
))
("C:\SHAHMA RAHMAN\DOWNLOADS\tex/latex/base\latexsym.sty"
Package: latexsym 1998/08/17 v2.2e Standard LaTeX package (lasy symbols)
\symlasy=\mathgroup6
LaTeX Font Info:    Overwriting symbol font `lasy' in version `bold'
(Font)                  U/lasy/m/n --> U/lasy/b/n on input line 52.
)
("C:\SHAHMA RAHMAN\DOWNLOADS\tex/latex/ulem\ulem.sty"
\UL@box=\box29
\UL@hyphenbox=\box30
\UL@skip=\skip49
\UL@hook=\toks28
\UL@height=\dimen130
\UL@pe=\count108
\UL@pixel=\dimen131
\ULC@box=\box31
Package: ulem 2012/05/18
\ULdepth=\dimen132
)
("C:\SHAHMA RAHMAN\DOWNLOADS\tex/latex/tools\array.sty"
Package: array 2018/11/13 v2.4j Tabular extension package (FMi)
\col@sep=\dimen133
\ar@mcellbox=\box32
\extrarowheight=\dimen134
\NC@list=\toks29
\extratabsurround=\skip50
\backup@length=\skip51
\ar@cellbox=\box33
)
("C:\SHAHMA RAHMAN\DOWNLOADS\tex/latex/pdfpages\pdfpages.sty"
Package: pdfpages 2017/10/31 v0.5l Insert pages of external PDF documents (AM)

("C:\SHAHMA RAHMAN\DOWNLOADS\tex/latex/base\ifthen.sty"
Package: ifthen 2014/09/29 v1.1c Standard LaTeX ifthen package (DPC)
)
("C:\SHAHMA RAHMAN\DOWNLOADS\tex/latex/tools\calc.sty"
Package: calc 2017/05/25 v4.3 Infix arithmetic (KKT,FJ)
\calc@Acount=\count109
\calc@Bcount=\count110
\calc@Adimen=\dimen135
\calc@Bdimen=\dimen136
\calc@Askip=\skip52
\calc@Bskip=\skip53
LaTeX Info: Redefining \setlength on input line 80.
LaTeX Info: Redefining \addtolength on input line 81.
\calc@Ccount=\count111
\calc@Cskip=\skip54
)
("C:\SHAHMA RAHMAN\DOWNLOADS\tex/latex/eso-pic\eso-pic.sty"
Package: eso-pic 2018/04/12 v2.0h eso-pic (RN)

("C:\SHAHMA RAHMAN\DOWNLOADS\tex/generic/oberdiek\atbegshi.sty"
Package: atbegshi 2016/06/09 v1.18 At begin shipout hook (HO)

("C:\SHAHMA RAHMAN\DOWNLOADS\tex/generic/oberdiek\infwarerr.sty"
Package: infwarerr 2016/05/16 v1.4 Providing info/warning/error messages (HO)
)
("C:\SHAHMA RAHMAN\DOWNLOADS\tex/generic/oberdiek\ltxcmds.sty"
Package: ltxcmds 2016/05/16 v1.23 LaTeX kernel commands for general use (HO)
))
("C:\SHAHMA RAHMAN\DOWNLOADS\tex/latex/xcolor\xcolor.sty"
Package: xcolor 2016/05/11 v2.12 LaTeX color extensions (UK)

("C:\SHAHMA RAHMAN\DOWNLOADS\tex/latex/graphics-cfg\color.cfg"
File: color.cfg 2016/01/02 v1.6 sample color configuration
)
Package xcolor Info: Driver file: pdftex.def on input line 225.
Package xcolor Info: Model `cmy' substituted by `cmy0' on input line 1348.
Package xcolor Info: Model `hsb' substituted by `rgb' on input line 1352.
Package xcolor Info: Model `RGB' extended on input line 1364.
Package xcolor Info: Model `HTML' substituted by `rgb' on input line 1366.
Package xcolor Info: Model `Hsb' substituted by `hsb' on input line 1367.
Package xcolor Info: Model `tHsb' substituted by `hsb' on input line 1368.
Package xcolor Info: Model `HSB' substituted by `hsb' on input line 1369.
Package xcolor Info: Model `Gray' substituted by `gray' on input line 1370.
Package xcolor Info: Model `wave' substituted by `hsb' on input line 1371.
))
\AM@pagewidth=\dimen137
\AM@pageheight=\dimen138

("C:\SHAHMA RAHMAN\DOWNLOADS\tex/latex/pdfpages\pppdftex.def"
File: pppdftex.def 2017/10/31 v0.5l Pdfpages driver for pdfTeX (AM)
)
\AM@pagebox=\box34
\AM@global@opts=\toks30
\AM@toc@title=\toks31
\c@AM@survey=\count112
\AM@templatesizebox=\box35
)
("C:\SHAHMA RAHMAN\DOWNLOADS\tex/latex/fncychap\fncychap.sty"
Package: fncychap 2007/07/30 v1.34 LaTeX package (Revised chapters)
\RW=\skip55
\mylen=\skip56
\myhi=\skip57
\px=\skip58
\py=\skip59
\pyy=\skip60
\pxx=\skip61
)
("C:\SHAHMA RAHMAN\DOWNLOADS\tex/latex/pgfplots\pgfplots.sty"
("C:\SHAHMA RAHMAN\DOWNLOADS\tex/generic/pgfplots\pgfplots.revision.tex")
Package: pgfplots 2018/03/28 v1.16 Data Visualization (1.16)

("C:\SHAHMA RAHMAN\DOWNLOADS\tex/latex/pgf/frontendlayer\tikz.sty"
("C:\SHAHMA RAHMAN\DOWNLOADS\tex/latex/pgf/basiclayer\pgf.sty"
("C:\SHAHMA RAHMAN\DOWNLOADS\tex/latex/pgf/utilities\pgfrcs.sty"
("C:\SHAHMA RAHMAN\DOWNLOADS\tex/generic/pgf/utilities\pgfutil-common.tex"
\pgfutil@everybye=\toks32
\pgfutil@tempdima=\dimen139
\pgfutil@tempdimb=\dimen140

("C:\SHAHMA RAHMAN\DOWNLOADS\tex/generic/pgf/utilities\pgfutil-common-lists.tex
")) ("C:\SHAHMA RAHMAN\DOWNLOADS\tex/generic/pgf/utilities\pgfutil-latex.def"
\pgfutil@abb=\box36

("C:\SHAHMA RAHMAN\DOWNLOADS\tex/latex/ms\everyshi.sty"
Package: everyshi 2001/05/15 v3.00 EveryShipout Package (MS)
))
("C:\SHAHMA RAHMAN\DOWNLOADS\tex/generic/pgf/utilities\pgfrcs.code.tex"
("C:\SHAHMA RAHMAN\DOWNLOADS\tex/generic/pgf\pgf.revision.tex")
Package: pgfrcs 2019/02/02 v3.1.1 (3.1.1)
))
Package: pgf 2019/02/02 v3.1.1 (3.1.1)

("C:\SHAHMA RAHMAN\DOWNLOADS\tex/latex/pgf/basiclayer\pgfcore.sty"
("C:\SHAHMA RAHMAN\DOWNLOADS\tex/latex/pgf/systemlayer\pgfsys.sty"
("C:\SHAHMA RAHMAN\DOWNLOADS\tex/generic/pgf/systemlayer\pgfsys.code.tex"
Package: pgfsys 2019/02/02 v3.1.1 (3.1.1)

("C:\SHAHMA RAHMAN\DOWNLOADS\tex/generic/pgf/utilities\pgfkeys.code.tex"
\pgfkeys@pathtoks=\toks33
\pgfkeys@temptoks=\toks34

("C:\SHAHMA RAHMAN\DOWNLOADS\tex/generic/pgf/utilities\pgfkeysfiltered.code.tex
"
\pgfkeys@tmptoks=\toks35
))
\pgf@x=\dimen141
\pgf@y=\dimen142
\pgf@xa=\dimen143
\pgf@ya=\dimen144
\pgf@xb=\dimen145
\pgf@yb=\dimen146
\pgf@xc=\dimen147
\pgf@yc=\dimen148
\w@pgf@writea=\write3
\r@pgf@reada=\read1
\c@pgf@counta=\count113
\c@pgf@countb=\count114
\c@pgf@countc=\count115
\c@pgf@countd=\count116
\t@pgf@toka=\toks36
\t@pgf@tokb=\toks37
\t@pgf@tokc=\toks38
\pgf@sys@id@count=\count117
 ("C:\SHAHMA RAHMAN\DOWNLOADS\tex/generic/pgf/systemlayer\pgf.cfg"
File: pgf.cfg 2019/02/02 v3.1.1 (3.1.1)
)
Driver file for pgf: pgfsys-pdftex.def

("C:\SHAHMA RAHMAN\DOWNLOADS\tex/generic/pgf/systemlayer\pgfsys-pdftex.def"
File: pgfsys-pdftex.def 2019/02/02 v3.1.1 (3.1.1)

("C:\SHAHMA RAHMAN\DOWNLOADS\tex/generic/pgf/systemlayer\pgfsys-common-pdf.def"
File: pgfsys-common-pdf.def 2019/02/02 v3.1.1 (3.1.1)
)))
("C:\SHAHMA RAHMAN\DOWNLOADS\tex/generic/pgf/systemlayer\pgfsyssoftpath.code.te
x"
File: pgfsyssoftpath.code.tex 2019/02/02 v3.1.1 (3.1.1)
\pgfsyssoftpath@smallbuffer@items=\count118
\pgfsyssoftpath@bigbuffer@items=\count119
)
("C:\SHAHMA RAHMAN\DOWNLOADS\tex/generic/pgf/systemlayer\pgfsysprotocol.code.te
x"
File: pgfsysprotocol.code.tex 2019/02/02 v3.1.1 (3.1.1)
)) ("C:\SHAHMA RAHMAN\DOWNLOADS\tex/generic/pgf/basiclayer\pgfcore.code.tex"
Package: pgfcore 2019/02/02 v3.1.1 (3.1.1)

("C:\SHAHMA RAHMAN\DOWNLOADS\tex/generic/pgf/math\pgfmath.code.tex"
("C:\SHAHMA RAHMAN\DOWNLOADS\tex/generic/pgf/math\pgfmathcalc.code.tex"
("C:\SHAHMA RAHMAN\DOWNLOADS\tex/generic/pgf/math\pgfmathutil.code.tex")
("C:\SHAHMA RAHMAN\DOWNLOADS\tex/generic/pgf/math\pgfmathparser.code.tex"
\pgfmath@dimen=\dimen149
\pgfmath@count=\count120
\pgfmath@box=\box37
\pgfmath@toks=\toks39
\pgfmath@stack@operand=\toks40
\pgfmath@stack@operation=\toks41
)
("C:\SHAHMA RAHMAN\DOWNLOADS\tex/generic/pgf/math\pgfmathfunctions.code.tex"
("C:\SHAHMA RAHMAN\DOWNLOADS\tex/generic/pgf/math\pgfmathfunctions.basic.code.t
ex")
("C:\SHAHMA RAHMAN\DOWNLOADS\tex/generic/pgf/math\pgfmathfunctions.trigonometri
c.code.tex")
("C:\SHAHMA RAHMAN\DOWNLOADS\tex/generic/pgf/math\pgfmathfunctions.random.code.
tex")
("C:\SHAHMA RAHMAN\DOWNLOADS\tex/generic/pgf/math\pgfmathfunctions.comparison.c
ode.tex")
("C:\SHAHMA RAHMAN\DOWNLOADS\tex/generic/pgf/math\pgfmathfunctions.base.code.te
x")
("C:\SHAHMA RAHMAN\DOWNLOADS\tex/generic/pgf/math\pgfmathfunctions.round.code.t
ex")
("C:\SHAHMA RAHMAN\DOWNLOADS\tex/generic/pgf/math\pgfmathfunctions.misc.code.te
x")
("C:\SHAHMA RAHMAN\DOWNLOADS\tex/generic/pgf/math\pgfmathfunctions.integerarith
metics.code.tex")))
("C:\SHAHMA RAHMAN\DOWNLOADS\tex/generic/pgf/math\pgfmathfloat.code.tex"
\c@pgfmathroundto@lastzeros=\count121
))
("C:\SHAHMA RAHMAN\DOWNLOADS\tex/generic/pgf/basiclayer\pgfcorepoints.code.tex"
File: pgfcorepoints.code.tex 2019/02/02 v3.1.1 (3.1.1)
\pgf@picminx=\dimen150
\pgf@picmaxx=\dimen151
\pgf@picminy=\dimen152
\pgf@picmaxy=\dimen153
\pgf@pathminx=\dimen154
\pgf@pathmaxx=\dimen155
\pgf@pathminy=\dimen156
\pgf@pathmaxy=\dimen157
\pgf@xx=\dimen158
\pgf@xy=\dimen159
\pgf@yx=\dimen160
\pgf@yy=\dimen161
\pgf@zx=\dimen162
\pgf@zy=\dimen163
)
("C:\SHAHMA RAHMAN\DOWNLOADS\tex/generic/pgf/basiclayer\pgfcorepathconstruct.co
de.tex"
File: pgfcorepathconstruct.code.tex 2019/02/02 v3.1.1 (3.1.1)
\pgf@path@lastx=\dimen164
\pgf@path@lasty=\dimen165
)
("C:\SHAHMA RAHMAN\DOWNLOADS\tex/generic/pgf/basiclayer\pgfcorepathusage.code.t
ex"
File: pgfcorepathusage.code.tex 2019/02/02 v3.1.1 (3.1.1)
\pgf@shorten@end@additional=\dimen166
\pgf@shorten@start@additional=\dimen167
)
("C:\SHAHMA RAHMAN\DOWNLOADS\tex/generic/pgf/basiclayer\pgfcorescopes.code.tex"
File: pgfcorescopes.code.tex 2019/02/02 v3.1.1 (3.1.1)
\pgfpic=\box38
\pgf@hbox=\box39
\pgf@layerbox@main=\box40
\pgf@picture@serial@count=\count122
)
("C:\SHAHMA RAHMAN\DOWNLOADS\tex/generic/pgf/basiclayer\pgfcoregraphicstate.cod
e.tex"
File: pgfcoregraphicstate.code.tex 2019/02/02 v3.1.1 (3.1.1)
\pgflinewidth=\dimen168
)
("C:\SHAHMA RAHMAN\DOWNLOADS\tex/generic/pgf/basiclayer\pgfcoretransformations.
code.tex"
File: pgfcoretransformations.code.tex 2019/02/02 v3.1.1 (3.1.1)
\pgf@pt@x=\dimen169
\pgf@pt@y=\dimen170
\pgf@pt@temp=\dimen171
)
("C:\SHAHMA RAHMAN\DOWNLOADS\tex/generic/pgf/basiclayer\pgfcorequick.code.tex"
File: pgfcorequick.code.tex 2019/02/02 v3.1.1 (3.1.1)
) ("C:\SHAHMA RAHMAN\DOWNLOADS\tex/generic/pgf/basiclayer\pgfcoreobjects.code.t
ex"
File: pgfcoreobjects.code.tex 2019/02/02 v3.1.1 (3.1.1)
)
("C:\SHAHMA RAHMAN\DOWNLOADS\tex/generic/pgf/basiclayer\pgfcorepathprocessing.c
ode.tex"
File: pgfcorepathprocessing.code.tex 2019/02/02 v3.1.1 (3.1.1)
)
("C:\SHAHMA RAHMAN\DOWNLOADS\tex/generic/pgf/basiclayer\pgfcorearrows.code.tex"
File: pgfcorearrows.code.tex 2019/02/02 v3.1.1 (3.1.1)
\pgfarrowsep=\dimen172
) ("C:\SHAHMA RAHMAN\DOWNLOADS\tex/generic/pgf/basiclayer\pgfcoreshade.code.tex
"
File: pgfcoreshade.code.tex 2019/02/02 v3.1.1 (3.1.1)
\pgf@max=\dimen173
\pgf@sys@shading@range@num=\count123
) ("C:\SHAHMA RAHMAN\DOWNLOADS\tex/generic/pgf/basiclayer\pgfcoreimage.code.tex
"
File: pgfcoreimage.code.tex 2019/02/02 v3.1.1 (3.1.1)

("C:\SHAHMA RAHMAN\DOWNLOADS\tex/generic/pgf/basiclayer\pgfcoreexternal.code.te
x"
File: pgfcoreexternal.code.tex 2019/02/02 v3.1.1 (3.1.1)
\pgfexternal@startupbox=\box41
))
("C:\SHAHMA RAHMAN\DOWNLOADS\tex/generic/pgf/basiclayer\pgfcorelayers.code.tex"
File: pgfcorelayers.code.tex 2019/02/02 v3.1.1 (3.1.1)
)
("C:\SHAHMA RAHMAN\DOWNLOADS\tex/generic/pgf/basiclayer\pgfcoretransparency.cod
e.tex"
File: pgfcoretransparency.code.tex 2019/02/02 v3.1.1 (3.1.1)
)
("C:\SHAHMA RAHMAN\DOWNLOADS\tex/generic/pgf/basiclayer\pgfcorepatterns.code.te
x"
File: pgfcorepatterns.code.tex 2019/02/02 v3.1.1 (3.1.1)
) ("C:\SHAHMA RAHMAN\DOWNLOADS\tex/generic/pgf/basiclayer\pgfcorerdf.code.tex"
File: pgfcorerdf.code.tex 2019/02/02 v3.1.1 (3.1.1)
)))
("C:\SHAHMA RAHMAN\DOWNLOADS\tex/generic/pgf/modules\pgfmoduleshapes.code.tex"
File: pgfmoduleshapes.code.tex 2019/02/02 v3.1.1 (3.1.1)
\pgfnodeparttextbox=\box42
) ("C:\SHAHMA RAHMAN\DOWNLOADS\tex/generic/pgf/modules\pgfmoduleplot.code.tex"
File: pgfmoduleplot.code.tex 2019/02/02 v3.1.1 (3.1.1)
)
("C:\SHAHMA RAHMAN\DOWNLOADS\tex/latex/pgf/compatibility\pgfcomp-version-0-65.s
ty"
Package: pgfcomp-version-0-65 2019/02/02 v3.1.1 (3.1.1)
\pgf@nodesepstart=\dimen174
\pgf@nodesepend=\dimen175
)
("C:\SHAHMA RAHMAN\DOWNLOADS\tex/latex/pgf/compatibility\pgfcomp-version-1-18.s
ty"
Package: pgfcomp-version-1-18 2019/02/02 v3.1.1 (3.1.1)
)) ("C:\SHAHMA RAHMAN\DOWNLOADS\tex/latex/pgf/utilities\pgffor.sty"
("C:\SHAHMA RAHMAN\DOWNLOADS\tex/latex/pgf/utilities\pgfkeys.sty"
("C:\SHAHMA RAHMAN\DOWNLOADS\tex/generic/pgf/utilities\pgfkeys.code.tex"))
("C:\SHAHMA RAHMAN\DOWNLOADS\tex/latex/pgf/math\pgfmath.sty"
("C:\SHAHMA RAHMAN\DOWNLOADS\tex/generic/pgf/math\pgfmath.code.tex"))
("C:\SHAHMA RAHMAN\DOWNLOADS\tex/generic/pgf/utilities\pgffor.code.tex"
Package: pgffor 2019/02/02 v3.1.1 (3.1.1)

("C:\SHAHMA RAHMAN\DOWNLOADS\tex/generic/pgf/math\pgfmath.code.tex")
\pgffor@iter=\dimen176
\pgffor@skip=\dimen177
\pgffor@stack=\toks42
\pgffor@toks=\toks43
))
("C:\SHAHMA RAHMAN\DOWNLOADS\tex/generic/pgf/frontendlayer/tikz\tikz.code.tex"
Package: tikz 2019/02/02 v3.1.1 (3.1.1)

("C:\SHAHMA RAHMAN\DOWNLOADS\tex/generic/pgf/libraries\pgflibraryplothandlers.c
ode.tex"
File: pgflibraryplothandlers.code.tex 2019/02/02 v3.1.1 (3.1.1)
\pgf@plot@mark@count=\count124
\pgfplotmarksize=\dimen178
)
\tikz@lastx=\dimen179
\tikz@lasty=\dimen180
\tikz@lastxsaved=\dimen181
\tikz@lastysaved=\dimen182
\tikzleveldistance=\dimen183
\tikzsiblingdistance=\dimen184
\tikz@figbox=\box43
\tikz@figbox@bg=\box44
\tikz@tempbox=\box45
\tikz@tempbox@bg=\box46
\tikztreelevel=\count125
\tikznumberofchildren=\count126
\tikznumberofcurrentchild=\count127
\tikz@fig@count=\count128

("C:\SHAHMA RAHMAN\DOWNLOADS\tex/generic/pgf/modules\pgfmodulematrix.code.tex"
File: pgfmodulematrix.code.tex 2019/02/02 v3.1.1 (3.1.1)
\pgfmatrixcurrentrow=\count129
\pgfmatrixcurrentcolumn=\count130
\pgf@matrix@numberofcolumns=\count131
)
\tikz@expandcount=\count132

("C:\SHAHMA RAHMAN\DOWNLOADS\tex/generic/pgf/frontendlayer/tikz/libraries\tikzl
ibrarytopaths.code.tex"
File: tikzlibrarytopaths.code.tex 2019/02/02 v3.1.1 (3.1.1)
)))
("C:\SHAHMA RAHMAN\DOWNLOADS\tex/generic/pgfplots\pgfplots.code.tex"
("C:\SHAHMA RAHMAN\DOWNLOADS\tex/generic/pgfplots\pgfplotscore.code.tex"
\t@pgfplots@toka=\toks44
\t@pgfplots@tokb=\toks45
\t@pgfplots@tokc=\toks46
\pgfplots@tmpa=\dimen185
\c@pgfplots@coordindex=\count133
\c@pgfplots@scanlineindex=\count134

("C:\SHAHMA RAHMAN\DOWNLOADS\tex/generic/pgfplots/sys\pgfplotssysgeneric.code.t
ex"))
("C:\SHAHMA RAHMAN\DOWNLOADS\tex/generic/pgfplots/libs\pgfplotslibrary.code.tex
")
("C:\SHAHMA RAHMAN\DOWNLOADS\tex/generic/pgfplots/oldpgfcompatib\pgfplotsoldpgf
supp_loader.code.tex"
("C:\SHAHMA RAHMAN\DOWNLOADS\tex/generic/pgf/libraries\pgflibraryfpu.code.tex")
Package pgfplots: loading complementary arithmetics for your pgf version...

("C:\SHAHMA RAHMAN\DOWNLOADS\tex/generic/pgfplots/oldpgfcompatib\pgfplotsoldpgf
supp_pgflibraryfpu.code.tex")
("C:\SHAHMA RAHMAN\DOWNLOADS\tex/generic/pgfplots/oldpgfcompatib\pgfplotsoldpgf
supp_pgfmathfloat.code.tex"
\c@pgfmathroundto@lastzeros=\count135
))
("C:\SHAHMA RAHMAN\DOWNLOADS\tex/generic/pgfplots/util\pgfplotsutil.code.tex"
("C:\SHAHMA RAHMAN\DOWNLOADS\tex/generic/pgfplots/liststructure\pgfplotsliststr
ucture.code.tex")
("C:\SHAHMA RAHMAN\DOWNLOADS\tex/generic/pgfplots/liststructure\pgfplotsliststr
uctureext.code.tex")
("C:\SHAHMA RAHMAN\DOWNLOADS\tex/generic/pgfplots/liststructure\pgfplotsarray.c
ode.tex"
\c@pgfplotsarray@tmp=\count136
)
("C:\SHAHMA RAHMAN\DOWNLOADS\tex/generic/pgfplots/liststructure\pgfplotsmatrix.
code.tex")
("C:\SHAHMA RAHMAN\DOWNLOADS\tex/generic/pgfplots/numtable\pgfplotstableshared.
code.tex"
\c@pgfplotstable@counta=\count137
\t@pgfplotstable@a=\toks47
)
("C:\SHAHMA RAHMAN\DOWNLOADS\tex/generic/pgfplots/liststructure\pgfplotsdeque.c
ode.tex")
("C:\SHAHMA RAHMAN\DOWNLOADS\tex/generic/pgfplots/util\pgfplotsbinary.code.tex"

("C:\SHAHMA RAHMAN\DOWNLOADS\tex/generic/pgfplots/util\pgfplotsbinary.data.code
.tex"))
("C:\SHAHMA RAHMAN\DOWNLOADS\tex/generic/pgfplots/util\pgfplotsutil.verb.code.t
ex")
("C:\SHAHMA RAHMAN\DOWNLOADS\tex/generic/pgfplots/libs\pgflibrarypgfplots.surfs
hading.code.tex"
\c@pgfplotslibrarysurf@no=\count138

("C:\SHAHMA RAHMAN\DOWNLOADS\tex/generic/pgfplots/sys\pgflibrarypgfplots.surfsh
ading.pgfsys-pdftex.def")))
("C:\SHAHMA RAHMAN\DOWNLOADS\tex/generic/pgfplots/util\pgfplotscolormap.code.te
x" ("C:\SHAHMA RAHMAN\DOWNLOADS\tex/generic/pgfplots/util\pgfplotscolor.code.te
x"))
("C:\SHAHMA RAHMAN\DOWNLOADS\tex/generic/pgfplots\pgfplotsstackedplots.code.tex
")
("C:\SHAHMA RAHMAN\DOWNLOADS\tex/generic/pgfplots\pgfplotsplothandlers.code.tex
"
("C:\SHAHMA RAHMAN\DOWNLOADS\tex/generic/pgfplots\pgfplotsmeshplothandler.code.
tex"
("C:\SHAHMA RAHMAN\DOWNLOADS\tex/generic/pgfplots\pgfplotsmeshplotimage.code.te
x")))
("C:\SHAHMA RAHMAN\DOWNLOADS\tex/generic/pgfplots\pgfplots.scaling.code.tex")
("C:\SHAHMA RAHMAN\DOWNLOADS\tex/generic/pgfplots\pgfplotscoordprocessing.code.
tex")
("C:\SHAHMA RAHMAN\DOWNLOADS\tex/generic/pgfplots\pgfplots.errorbars.code.tex")
("C:\SHAHMA RAHMAN\DOWNLOADS\tex/generic/pgfplots\pgfplots.markers.code.tex")
("C:\SHAHMA RAHMAN\DOWNLOADS\tex/generic/pgfplots\pgfplotsticks.code.tex")
("C:\SHAHMA RAHMAN\DOWNLOADS\tex/generic/pgfplots\pgfplots.paths.code.tex")
("C:\SHAHMA RAHMAN\DOWNLOADS\tex/generic/pgf/frontendlayer/tikz/libraries\tikzl
ibrarydecorations.code.tex"
("C:\SHAHMA RAHMAN\DOWNLOADS\tex/generic/pgf/modules\pgfmoduledecorations.code.
tex"
\pgfdecoratedcompleteddistance=\dimen186
\pgfdecoratedremainingdistance=\dimen187
\pgfdecoratedinputsegmentcompleteddistance=\dimen188
\pgfdecoratedinputsegmentremainingdistance=\dimen189
\pgf@decorate@distancetomove=\dimen190
\pgf@decorate@repeatstate=\count139
\pgfdecorationsegmentamplitude=\dimen191
\pgfdecorationsegmentlength=\dimen192
)
\tikz@lib@dec@box=\box47
)
("C:\SHAHMA RAHMAN\DOWNLOADS\tex/generic/pgf/frontendlayer/tikz/libraries\tikzl
ibrarydecorations.pathmorphing.code.tex"
("C:\SHAHMA RAHMAN\DOWNLOADS\tex/generic/pgf/libraries/decorations\pgflibraryde
corations.pathmorphing.code.tex"))
("C:\SHAHMA RAHMAN\DOWNLOADS\tex/generic/pgf/frontendlayer/tikz/libraries\tikzl
ibrarydecorations.pathreplacing.code.tex"
("C:\SHAHMA RAHMAN\DOWNLOADS\tex/generic/pgf/libraries/decorations\pgflibraryde
corations.pathreplacing.code.tex"))
\pgfplots@numplots=\count140
\pgfplots@xmin@reg=\dimen193
\pgfplots@xmax@reg=\dimen194
\pgfplots@ymin@reg=\dimen195
\pgfplots@ymax@reg=\dimen196
\pgfplots@zmin@reg=\dimen197
\pgfplots@zmax@reg=\dimen198
)
("C:\SHAHMA RAHMAN\DOWNLOADS\tex/generic/pgf/frontendlayer/tikz/libraries\tikzl
ibraryplotmarks.code.tex"
File: tikzlibraryplotmarks.code.tex 2019/02/02 v3.1.1 (3.1.1)

("C:\SHAHMA RAHMAN\DOWNLOADS\tex/generic/pgf/libraries\pgflibraryplotmarks.code
.tex"
File: pgflibraryplotmarks.code.tex 2019/02/02 v3.1.1 (3.1.1)
))) (SHAHMA.aux)
\openout1 = `SHAHMA.aux'.

LaTeX Font Info:    Checking defaults for OML/cmm/m/it on input line 28.
LaTeX Font Info:    ... okay on input line 28.
LaTeX Font Info:    Checking defaults for T1/cmr/m/n on input line 28.
LaTeX Font Info:    ... okay on input line 28.
LaTeX Font Info:    Checking defaults for OT1/cmr/m/n on input line 28.
LaTeX Font Info:    ... okay on input line 28.
LaTeX Font Info:    Checking defaults for OMS/cmsy/m/n on input line 28.
LaTeX Font Info:    ... okay on input line 28.
LaTeX Font Info:    Checking defaults for OMX/cmex/m/n on input line 28.
LaTeX Font Info:    ... okay on input line 28.
LaTeX Font Info:    Checking defaults for U/cmr/m/n on input line 28.
LaTeX Font Info:    ... okay on input line 28.
Package caption Info: Begin \AtBeginDocument code.
Package caption Info: End \AtBeginDocument code.

("C:\SHAHMA RAHMAN\DOWNLOADS\tex/context/base\supp-pdf.mkii"
[Loading MPS to PDF converter (version 2006.09.02).]
\scratchcounter=\count141
\scratchdimen=\dimen199
\scratchbox=\box48
\nofMPsegments=\count142
\nofMParguments=\count143
\everyMPshowfont=\toks48
\MPscratchCnt=\count144
\MPscratchDim=\dimen256
\MPnumerator=\count145
\makeMPintoPDFobject=\count146
\everyMPtoPDFconversion=\toks49
) ("C:\SHAHMA RAHMAN\DOWNLOADS\tex/latex/oberdiek\epstopdf-base.sty"
Package: epstopdf-base 2016/05/15 v2.6 Base part for package epstopdf

("C:\SHAHMA RAHMAN\DOWNLOADS\tex/latex/oberdiek\grfext.sty"
Package: grfext 2016/05/16 v1.2 Manage graphics extensions (HO)

("C:\SHAHMA RAHMAN\DOWNLOADS\tex/generic/oberdiek\kvdefinekeys.sty"
Package: kvdefinekeys 2016/05/16 v1.4 Define keys (HO)
))
("C:\SHAHMA RAHMAN\DOWNLOADS\tex/latex/oberdiek\kvoptions.sty"
Package: kvoptions 2016/05/16 v3.12 Key value format for package options (HO)

("C:\SHAHMA RAHMAN\DOWNLOADS\tex/generic/oberdiek\kvsetkeys.sty"
Package: kvsetkeys 2016/05/16 v1.17 Key value parser (HO)

("C:\SHAHMA RAHMAN\DOWNLOADS\tex/generic/oberdiek\etexcmds.sty"
Package: etexcmds 2016/05/16 v1.6 Avoid name clashes with e-TeX commands (HO)

("C:\SHAHMA RAHMAN\DOWNLOADS\tex/generic/oberdiek\ifluatex.sty"
Package: ifluatex 2016/05/16 v1.4 Provides the ifluatex switch (HO)
Package ifluatex Info: LuaTeX not detected.
))))
("C:\SHAHMA RAHMAN\DOWNLOADS\tex/generic/oberdiek\pdftexcmds.sty"
Package: pdftexcmds 2018/09/10 v0.29 Utility functions of pdfTeX for LuaTeX (HO
)
Package pdftexcmds Info: LuaTeX not detected.
Package pdftexcmds Info: \pdf@primitive is available.
Package pdftexcmds Info: \pdf@ifprimitive is available.
Package pdftexcmds Info: \pdfdraftmode found.
)
Package epstopdf-base Info: Redefining graphics rule for `.eps' on input line 4
38.
Package grfext Info: Graphics extension search list:
(grfext)             [.pdf,.png,.jpg,.mps,.jpeg,.jbig2,.jb2,.PDF,.PNG,.JPG,.JPE
G,.JBIG2,.JB2,.eps]
(grfext)             \AppendGraphicsExtensions on input line 456.
)
*geometry* driver: auto-detecting
*geometry* detected driver: pdftex
*geometry* verbose mode - [ preamble ] result:
* driver: pdftex
* paper: a4paper
* layout: <same size as paper>
* layoutoffset:(h,v)=(0.0pt,0.0pt)
* modes: 
* h-part:(L,W,R)=(108.405pt, 416.83289pt, 72.26999pt)
* v-part:(T,H,B)=(72.26999pt, 700.50687pt, 72.26999pt)
* \paperwidth=597.50787pt
* \paperheight=845.04684pt
* \textwidth=416.83289pt
* \textheight=700.50687pt
* \oddsidemargin=36.13501pt
* \evensidemargin=36.13501pt
* \topmargin=-31.8738pt
* \headheight=12.0pt
* \headsep=19.8738pt
* \topskip=12.0pt
* \footskip=30.0pt
* \marginparwidth=38.0pt
* \marginparsep=7.0pt
* \columnsep=10.0pt
* \skip\footins=10.8pt plus 4.0pt minus 2.0pt
* \hoffset=0.0pt
* \voffset=0.0pt
* \mag=1000
* \@twocolumnfalse
* \@twosidefalse
* \@mparswitchfalse
* \@reversemarginfalse
* (1in=72.27pt=25.4mm, 1cm=28.453pt)

\AtBeginShipoutBox=\box49
("C:\SHAHMA RAHMAN\DOWNLOADS\tex/latex/oberdiek\pdflscape.sty"
Package: pdflscape 2016/05/14 v0.11 Display of landscape pages in PDF (HO)

("C:\SHAHMA RAHMAN\DOWNLOADS\tex/latex/graphics\lscape.sty"
Package: lscape 2000/10/22 v3.01 Landscape Pages (DPC)
)
Package pdflscape Info: Auto-detected driver: pdftex on input line 81.
)
ABD: EveryShipout initializing macros

Package pgfplots Warning: running in backwards compatibility mode (unsuitable t
ick labels; missing features). Consider writing \pgfplotsset{compat=1.16} into 
your preamble.
 on input line 28.



pdfTeX warning: pdflatex.exe (file ./innercover.pdf): PDF inclusion: found PDF 
version <1.7>, but at most version <1.5> allowed
<innercover.pdf, id=4, 614.295pt x 794.97pt>
File: innercover.pdf Graphic file (type pdf)
<use innercover.pdf>
Package pdftex.def Info: innercover.pdf  used on input line 29.
(pdftex.def)             Requested size: 614.29349pt x 794.96806pt.


pdfTeX warning: pdflatex.exe (file ./innercover.pdf): PDF inclusion: found PDF 
version <1.7>, but at most version <1.5> allowed
File: innercover.pdf Graphic file (type pdf)
<use innercover.pdf>
Package pdftex.def Info: innercover.pdf  used on input line 29.
(pdftex.def)             Requested size: 614.29349pt x 794.96806pt.


pdfTeX warning: pdflatex.exe (file ./innercover.pdf): PDF inclusion: found PDF 
version <1.7>, but at most version <1.5> allowed


pdfTeX warning: pdflatex.exe (file ./innercover.pdf): PDF inclusion: found PDF 
version <1.7>, but at most version <1.5> allowed
<innercover.pdf, id=7, page=1, 614.295pt x 794.97pt>
File: innercover.pdf Graphic file (type pdf)
<use innercover.pdf, page 1>
Package pdftex.def Info: innercover.pdf , page1 used on input line 29.
(pdftex.def)             Requested size: 614.29349pt x 794.96806pt.
File: innercover.pdf Graphic file (type pdf)
<use innercover.pdf, page 1>
Package pdftex.def Info: innercover.pdf , page1 used on input line 29.
(pdftex.def)             Requested size: 597.78697pt x 773.60669pt.
File: innercover.pdf Graphic file (type pdf)
<use innercover.pdf, page 1>
Package pdftex.def Info: innercover.pdf , page1 used on input line 29.
(pdftex.def)             Requested size: 597.78697pt x 773.60669pt.
File: innercover.pdf Graphic file (type pdf)
<use innercover.pdf, page 1>
Package pdftex.def Info: innercover.pdf , page1 used on input line 29.
(pdftex.def)             Requested size: 597.78697pt x 773.60669pt.
File: innercover.pdf Graphic file (type pdf)
<use innercover.pdf, page 1>
Package pdftex.def Info: innercover.pdf , page1 used on input line 29.
(pdftex.def)             Requested size: 597.78697pt x 773.60669pt.
[1

 <./innercover.pdf>]

pdfTeX warning: pdflatex.exe (file ./outercover.pdf): PDF inclusion: found PDF 
version <1.7>, but at most version <1.5> allowed
<outercover.pdf, id=28, 614.295pt x 794.97pt>
File: outercover.pdf Graphic file (type pdf)
<use outercover.pdf>
Package pdftex.def Info: outercover.pdf  used on input line 31.
(pdftex.def)             Requested size: 614.29349pt x 794.96806pt.


pdfTeX warning: pdflatex.exe (file ./outercover.pdf): PDF inclusion: found PDF 
version <1.7>, but at most version <1.5> allowed
File: outercover.pdf Graphic file (type pdf)
<use outercover.pdf>
Package pdftex.def Info: outercover.pdf  used on input line 31.
(pdftex.def)             Requested size: 614.29349pt x 794.96806pt.


pdfTeX warning: pdflatex.exe (file ./outercover.pdf): PDF inclusion: found PDF 
version <1.7>, but at most version <1.5> allowed


pdfTeX warning: pdflatex.exe (file ./outercover.pdf): PDF inclusion: found PDF 
version <1.7>, but at most version <1.5> allowed
<outercover.pdf, id=31, page=1, 614.295pt x 794.97pt>
File: outercover.pdf Graphic file (type pdf)
<use outercover.pdf, page 1>
Package pdftex.def Info: outercover.pdf , page1 used on input line 31.
(pdftex.def)             Requested size: 614.29349pt x 794.96806pt.
File: outercover.pdf Graphic file (type pdf)
<use outercover.pdf, page 1>
Package pdftex.def Info: outercover.pdf , page1 used on input line 31.
(pdftex.def)             Requested size: 597.78697pt x 773.60669pt.
File: outercover.pdf Graphic file (type pdf)
<use outercover.pdf, page 1>
Package pdftex.def Info: outercover.pdf , page1 used on input line 31.
(pdftex.def)             Requested size: 597.78697pt x 773.60669pt.
File: outercover.pdf Graphic file (type pdf)
<use outercover.pdf, page 1>
Package pdftex.def Info: outercover.pdf , page1 used on input line 31.
(pdftex.def)             Requested size: 597.78697pt x 773.60669pt.
File: outercover.pdf Graphic file (type pdf)
<use outercover.pdf, page 1>
Package pdftex.def Info: outercover.pdf , page1 used on input line 31.
(pdftex.def)             Requested size: 597.78697pt x 773.60669pt.
[2

 <./outercover.pdf>] (certificate.tex
Underfull \hbox (badness 10000) in paragraph at lines 18--23

 []

) [3

{C:/Users/Shafi/AppData/Local/MiKTeX/2.9/pdftex/config/pdftex.map}]
(declaration.tex
Overfull \hbox (29.9562pt too wide) in paragraph at lines 13--15
\T1/cmr/m/n/12 de-clare that the project en-ti-tled \T1/cmr/bx/n/12 ``DIF-FER-E
N-TIAL EQUA-TIONS IN MEDICINE
 []


Underfull \hbox (badness 10000) in paragraph at lines 13--15

 []

) [4

] (ACKNOWLEDGEMENTS.tex
LaTeX Font Info:    Try loading font information for U+msa on input line 11.

("C:\SHAHMA RAHMAN\DOWNLOADS\tex/latex/amsfonts\umsa.fd"
File: umsa.fd 2013/01/14 v3.01 AMS symbols A
)
LaTeX Font Info:    Try loading font information for U+msb on input line 11.

("C:\SHAHMA RAHMAN\DOWNLOADS\tex/latex/amsfonts\umsb.fd"
File: umsb.fd 2013/01/14 v3.01 AMS symbols B
)
LaTeX Font Info:    Try loading font information for U+lasy on input line 11.

("C:\SHAHMA RAHMAN\DOWNLOADS\tex/latex/base\ulasy.fd"
File: ulasy.fd 1998/08/17 v2.2e LaTeX symbol font definitions
)
Underfull \hbox (badness 10000) in paragraph at lines 19--20

 []

) [5

]
LaTeX Font Info:    Try loading font information for T1+cmss on input line 39.
 ("C:\SHAHMA RAHMAN\DOWNLOADS\tex/latex/base\t1cmss.fd"
File: t1cmss.fd 2014/09/29 v2.5h Standard LaTeX font definitions
) (SHAHMA.toc)
\tf@toc=\write4
\openout4 = `SHAHMA.toc'.


[6


] (intro.tex [1




]) [2] (preliminaries.tex [3


] [4]
Overfull \hbox (11.53719pt too wide) in paragraph at lines 45--47
\T1/cmr/m/n/12 (distinct real roots, $\OML/cmm/m/it/12 b[] > \OT1/cmr/m/n/12 4\
OML/cmm/m/it/12 mk$ \T1/cmr/m/n/12 , b is large rel-a-tive to m and k). Gen-era
l solution:$\OML/cmm/m/it/12 x\OT1/cmr/m/n/12 (\OML/cmm/m/it/12 t\OT1/cmr/m/n/1
2 ) =
 []

[5]
Underfull \hbox (badness 10000) in paragraph at lines 64--65

 []


! Package inputenc Error: Unicode character ‚Äâ (U+2009)
(inputenc)                not set up for use with LaTeX.

See the inputenc package documentation for explanation.
Type  H <return>  for immediate help.
 ...                                              
                                                  
l.73 ... set of  empirical datum pairs $(x_{i},‚Äâ
                                                  y_{i})$ of independent and...

You may provide a definition with
\DeclareUnicodeCharacter 

! Missing $ inserted.
<inserted text> 
                $
l.73 ...ndent variables, find the parameters \beta
                                                   of the model curve  $f(x,...
I've inserted a begin-math/end-math symbol since I think
you left one out. Proceed, with fingers crossed.


! Package inputenc Error: Unicode character ‚Äâ (U+2009)
(inputenc)                not set up for use with LaTeX.

See the inputenc package documentation for explanation.
Type  H <return>  for immediate help.
 ...                                              
                                                  
l.73 ...ameters \beta of the model curve  $f(x,‚Äâ
                                                  \beta)$  so that the sum o...

You may provide a definition with
\DeclareUnicodeCharacter 

! Missing $ inserted.
<inserted text> 
                $
l.73 ...rs \beta of the model curve  $f(x,‚Äâ\beta
                                                  )$  so that the sum of the...
I've inserted a begin-math/end-math symbol since I think
you left one out. Proceed, with fingers crossed.

! Missing $ inserted.
<inserted text> 
                $
l.73 ...m of the squares of the deviations S(\beta
                                                  ) is minimized:
I've inserted a begin-math/end-math symbol since I think
you left one out. Proceed, with fingers crossed.

! Missing $ inserted.
<inserted text> 
                $
l.74 
     
I've inserted a begin-math/end-math symbol since I think
you left one out. Proceed, with fingers crossed.

[6]

! Package inputenc Error: Unicode character Œ∏ (U+03B8)
(inputenc)                not set up for use with LaTeX.

See the inputenc package documentation for explanation.
Type  H <return>  for immediate help.
 ...                                              
                                                  
l.90 ... step function, usually denoted by H or Œ∏
                                                   (but sometimes u, 1 or ù...

You may provide a definition with
\DeclareUnicodeCharacter 


! Package inputenc Error: Unicode character ùüô (U+1D7D9)
(inputenc)                not set up for use with LaTeX.

See the inputenc package documentation for explanation.
Type  H <return>  for immediate help.
 ...                                              
                                                  
l.90 ...ted by H or Œ∏ (but sometimes u, 1 or ùüô
                                                  ), is a discontinuous func...

You may provide a definition with
\DeclareUnicodeCharacter 

) [7] (growth&decay.tex
Chapter 1.

Underfull \hbox (badness 10000) in paragraph at lines 8--10

 []

[8


]
<graph3.png, id=110, 438.438pt x 328.8285pt>
File: graph3.png Graphic file (type png)
<use graph3.png>
Package pdftex.def Info: graph3.png  used on input line 29.
(pdftex.def)             Requested size: 438.43692pt x 328.8277pt.

Overfull \hbox (21.60403pt too wide) in paragraph at lines 29--30
 [] 
 []


Underfull \hbox (badness 10000) in paragraph at lines 37--40

 []


Underfull \hbox (badness 10000) in paragraph at lines 41--46

 []


Underfull \hbox (badness 10000) in paragraph at lines 41--46

 []

[9 <./graph3.png>] [10]
Underfull \hbox (badness 10000) in paragraph at lines 87--91

 []


Underfull \hbox (badness 10000) in paragraph at lines 102--104

 []

[11]
Underfull \hbox (badness 10000) in paragraph at lines 157--160

 []

[12]
<graph4.png, id=127, 232.4685pt x 176.45924pt>
File: graph4.png Graphic file (type png)
<use graph4.png>
Package pdftex.def Info: graph4.png  used on input line 165.
(pdftex.def)             Requested size: 232.46793pt x 176.4588pt.

Underfull \hbox (badness 10000) in paragraph at lines 173--175

 []


Underfull \hbox (badness 10000) in paragraph at lines 173--175

 []

[13 <./graph4.png>]
Underfull \hbox (badness 10000) in paragraph at lines 176--178

 []


Underfull \hbox (badness 10000) in paragraph at lines 208--208

 []

) [14] (health&environment.tex
Chapter 2.
[15


] [16] [17]
LaTeX Font Info:    Try loading font information for OMS+cmr on input line 86.
 ("C:\SHAHMA RAHMAN\DOWNLOADS\tex/latex/base\omscmr.fd"
File: omscmr.fd 2014/09/29 v2.5h Standard LaTeX font definitions
)
LaTeX Font Info:    Font shape `OMS/cmr/m/n' in size <12> not available
(Font)              Font shape `OMS/cmsy/m/n' tried instead on input line 86.

Underfull \hbox (badness 10000) in paragraph at lines 89--90

 []


Underfull \hbox (badness 10000) in paragraph at lines 91--92

 []

[18]
Underfull \hbox (badness 10000) in paragraph at lines 93--94

 []


Underfull \hbox (badness 10000) in paragraph at lines 95--96

 []


Underfull \hbox (badness 10000) in paragraph at lines 97--98

 []


Underfull \hbox (badness 10000) in paragraph at lines 103--108

 []

[19]
Underfull \hbox (badness 10000) in paragraph at lines 116--118

 []


Underfull \hbox (badness 10000) in paragraph at lines 119--120

 []

[20]
Underfull \hbox (badness 10000) in paragraph at lines 142--143

 []

[21] [22]
Underfull \hbox (badness 10000) in paragraph at lines 179--181

 []


Underfull \hbox (badness 10000) in paragraph at lines 199--202

 []


Underfull \hbox (badness 10000) in paragraph at lines 209--210

 []

[23]
Underfull \hbox (badness 10000) in paragraph at lines 212--213

 []

[24]
Underfull \hbox (badness 10000) in paragraph at lines 244--245

 []

<graph6.png, id=167, 188.50426pt x 142.131pt>
File: graph6.png Graphic file (type png)
<use graph6.png>
Package pdftex.def Info: graph6.png  used on input line 275.
(pdftex.def)             Requested size: 188.50378pt x 142.13063pt.
[25 <./graph6.png>]
<graph11.png, id=173, 369.7815pt x 216.20775pt>
File: graph11.png Graphic file (type png)
<use graph11.png>
Package pdftex.def Info: graph11.png  used on input line 301.
(pdftex.def)             Requested size: 369.78058pt x 216.20721pt.
 [26] [27 <./graph11.png>] [28]) [29] (pharmacokinetics.tex
Chapter 3.

Overfull \hbox (11.27042pt too wide) in paragraph at lines 6--6
[]\T1/cmr/bx/n/17.28 DRUG CON-CEN-TRA-TION IN SIN-GLE COM-
 []

[30


] [31]
<graph7.png, id=193, 622.7265pt x 375.804pt>
File: graph7.png Graphic file (type png)
<use graph7.png>
Package pdftex.def Info: graph7.png  used on input line 48.
(pdftex.def)             Requested size: 622.72499pt x 375.80309pt.

Overfull \hbox (81.349pt too wide) in paragraph at lines 48--49
 [] 
 []

[32 <./graph7.png>]
Underfull \hbox (badness 10000) in paragraph at lines 66--68

 []

[33]
<graph8.png, id=200, 574.5465pt x 130.68825pt>
File: graph8.png Graphic file (type png)
<use graph8.png>
Package pdftex.def Info: graph8.png  used on input line 97.
(pdftex.def)             Requested size: 574.54509pt x 130.68791pt.

Underfull \hbox (badness 10000) in paragraph at lines 103--105

 []


Underfull \hbox (badness 10000) in paragraph at lines 106--108

 []


Underfull \hbox (badness 10000) in paragraph at lines 111--114
\T1/cmr/m/n/12 where $\OML/cmm/m/it/12 a[]$ \T1/cmr/m/n/12 is the con-stant of 
pro-por-tion-al-ity.
 []


Underfull \hbox (badness 10000) in paragraph at lines 111--114

 []


Underfull \hbox (badness 10000) in paragraph at lines 111--114

 []

[34 <./graph8.png>] [35]
Underfull \hbox (badness 10000) in paragraph at lines 156--157

 []

[36]
<graph8(2).png, id=210, 388.45125pt x 269.20575pt>
File: graph8(2).png Graphic file (type png)
<use graph8(2).png>
Package pdftex.def Info: graph8(2).png  used on input line 186.
(pdftex.def)             Requested size: 388.45029pt x 269.20508pt.

Overfull \hbox (49.30626pt too wide) in paragraph at lines 186--188
 [] 
 []

[37 <./graph8(2).png>]
Underfull \hbox (badness 10000) in paragraph at lines 208--210

 []


Underfull \hbox (badness 10000) in paragraph at lines 211--212

 []


Underfull \hbox (badness 10000) in paragraph at lines 213--215

 []

<graph9.png, id=215, 237.88875pt x 148.75575pt>
File: graph9.png Graphic file (type png)
<use graph9.png>
Package pdftex.def Info: graph9.png  used on input line 220.
(pdftex.def)             Requested size: 237.88815pt x 148.75537pt.
[38 <./graph9.png>]

LaTeX Warning: Command \textendash invalid in math mode on input line 231.


Underfull \hbox (badness 10000) in paragraph at lines 231--235

 []

) [39] (conclusion.tex [40


]) [41] (references.tex) [42


] (SHAHMA.aux) ) 
Here is how much of TeX's memory you used:
 25405 strings out of 492946
 626510 string characters out of 3135969
 836475 words of memory out of 3000000
 28783 multiletter control sequences out of 15000+200000
 19100 words of font info for 49 fonts, out of 3000000 for 9000
 1141 hyphenation exceptions out of 8191
 62i,18n,96p,931b,609s stack positions out of 5000i,500n,10000p,200000b,50000s
 <C:\Users\Shafi\AppData\Local\MiKTeX\2.9\fonts/pk/ljfour/jknap
pen/ec/dpi600\ecti1728.pk> <C:\Users\Shafi\AppData\Local\MiKTeX\2.9\fonts/pk/lj
four/jknappen/ec/dpi600\ecss2488.pk> <C:\Users\Shafi\AppData\Local\MiKTeX\2.9\f
onts/pk/ljfour/jknappen/ec/dpi600\ecsl1200.pk> <C:\Users\Shafi\AppData\Local\Mi
KTeX\2.9\fonts/pk/ljfour/jknappen/ec/dpi600\ecsx1728.pk> <C:\Users\Shafi\AppDat
a\Local\MiKTeX\2.9\fonts/pk/ljfour/jknappen/ec/dpi600\ecss1728.pk> <C:\Users\Sh
afi\AppData\Local\MiKTeX\2.9\fonts/pk/ljfour/jknappen/ec/dpi600\ecbi1200.pk> <C
:\Users\Shafi\AppData\Local\MiKTeX\2.9\fonts/pk/ljfour/jknappen/ec/dpi600\ecti1
200.pk> <C:\Users\Shafi\AppData\Local\MiKTeX\2.9\fonts/pk/ljfour/jknappen/ec/dp
i600\ecbx1728.pk> <C:\Users\Shafi\AppData\Local\MiKTeX\2.9\fonts/pk/ljfour/jkna
ppen/ec/dpi600\ecbx1200.pk> <C:\Users\Shafi\AppData\Local\MiKTeX\2.9\fonts/pk/l
jfour/jknappen/ec/dpi600\ecrm1200.pk> <C:\Users\Shafi\AppData\Local\MiKTeX\2.9\
fonts/pk/ljfour/jknappen/ec/dpi600\ecbx1440.pk> <C:\Users\Shafi\AppData\Local\M
iKTeX\2.9\fonts/pk/ljfour/jknappen/ec/dpi600\eccc1200.pk><C:/SHAHMA RAHMAN/DOWN
LOADS/fonts/type1/public/amsfonts/cm/cmex10.pfb><C:/SHAHMA RAHMAN/DOWNLOADS/fon
ts/type1/public/amsfonts/cm/cmmi12.pfb><C:/SHAHMA RAHMAN/DOWNLOADS/fonts/type1/
public/amsfonts/cm/cmmi6.pfb><C:/SHAHMA RAHMAN/DOWNLOADS/fonts/type1/public/ams
fonts/cm/cmmi8.pfb><C:/SHAHMA RAHMAN/DOWNLOADS/fonts/type1/public/amsfonts/cm/c
mr12.pfb><C:/SHAHMA RAHMAN/DOWNLOADS/fonts/type1/public/amsfonts/cm/cmr6.pfb><C
:/SHAHMA RAHMAN/DOWNLOADS/fonts/type1/public/amsfonts/cm/cmr8.pfb><C:/SHAHMA RA
HMAN/DOWNLOADS/fonts/type1/public/amsfonts/cm/cmsy10.pfb><C:/SHAHMA RAHMAN/DOWN
LOADS/fonts/type1/public/amsfonts/cm/cmsy6.pfb><C:/SHAHMA RAHMAN/DOWNLOADS/font
s/type1/public/amsfonts/cm/cmsy8.pfb><C:/SHAHMA RAHMAN/DOWNLOADS/fonts/type1/pu
blic/amsfonts/symbols/msam10.pfb>
Output written on SHAHMA.pdf (48 pages, 682900 bytes).
PDF statistics:
 707 PDF objects out of 1000 (max. 8388607)
 0 named destinations out of 1000 (max. 500000)
 93 words of extra memory for PDF output out of 10000 (max. 10000000)

